#
# A fatal error has been detected by the Java Runtime Environment:
#
#  SIGSEGV (0xb) at pc=0x0000000103a99c28, pid=20804, tid=0x0000000000008b03
#
# JRE version: OpenJDK Runtime Environment (8.0_275) (build 1.8.0_275-bre_2020_11_16_15_09-b00)
# Java VM: OpenJDK 64-Bit Server VM (25.275-b00 mixed mode bsd-amd64 compressed oops)
# Problematic frame:
# V  [libjvm.dylib+0x565c28]  Unsafe_GetByte+0xcd
#
# Core dump written. Default location: /cores/core or core.20804
#
# If you would like to submit a bug report, please visit:
#   http://bugreport.java.com/bugreport/crash.jsp
#

---------------  T H R E A D  ---------------

Current thread (0x00007faa5e429000):  JavaThread "SSTableBatchOpen:3" daemon [_thread_in_vm, id=35587, stack(0x000070000c408000,0x000070000c448000)]

siginfo: si_signo: 11 (SIGSEGV), si_code: 1 (SEGV_MAPERR), si_addr: 0x0000000000000000

Registers:
RAX=0x0000000103c34140, RBX=0x00007faa5e429000, RCX=0x00007faa60cd13ba, RDX=0x0000000000000000
RSP=0x000070000c446f10, RBP=0x000070000c446f40, RSI=0x000070000c446ff0, RDI=0x00007faa5e429250
R8 =0x0000000000000001, R9 =0x0000000000000000, R10=0x000000010a01813b, R11=0x0000000103a19b63
R12=0x0000000000000000, R13=0x0000000104af5dd0, R14=0x00007faa60cd13ba, R15=0x0000000000000000
RIP=0x0000000103a99c28, EFLAGS=0x0000000000010246, ERR=0x0000000000000004
  TRAPNO=0x000000000000000e

Top of Stack: (sp=0x000070000c446f10)
0x000070000c446f10:   0000000000000000 00007faa5e429000
0x000070000c446f20:   00007faa5e429000 0000000104af5dd0
0x000070000c446f30:   000070000c446ff0 00007faa5e429000
0x000070000c446f40:   000070000c446fb8 000000010a018167
0x000070000c446f50:   0000000742405498 0000000742405468
0x000070000c446f60:   00007faa5e429000 000000280c4470a8
0x000070000c446f70:   00007faa59e61c38 000070000c446f78
0x000070000c446f80:   0000000000000000 000070000c446ff0
0x000070000c446f90:   0000000104b259d0 0000000000000000
0x000070000c446fa0:   0000000104af5dd0 0000000000000000
0x000070000c446fb0:   000070000c446fd8 000070000c447048
0x000070000c446fc0:   000000010a007700 0000000000000000
0x000070000c446fd0:   000000010a01190e 00007faa60cd13ba
0x000070000c446fe0:   000070000c447088 0000000000000000
0x000070000c446ff0:   000000075ccd2178 0000000000000000
0x000070000c447000:   0000000742405598 000070000c447008
0x000070000c447010:   000000011eba0583 000070000c447088
0x000070000c447020:   000000011eba0e20 0000000000000000
0x000070000c447030:   000000011eba05f8 000070000c446fd8
0x000070000c447040:   000070000c447060 000070000c4470d0
0x000070000c447050:   000000010a007ffd 0000000000000000
0x000070000c447060:   0000000000000004 0000000000000000
0x000070000c447070:   0000000742405598 00007faa60cd13ba
0x000070000c447080:   000000010a0077d0 0000000000000000
0x000070000c447090:   000070000c447090 000000011eba01e7
0x000070000c4470a0:   000070000c447108 000000011eba0e20
0x000070000c4470b0:   0000000000000000 000000011eba0240
0x000070000c4470c0:   000070000c447060 000070000c4470e0
0x000070000c4470d0:   000070000c447150 000000010a008042
0x000070000c4470e0:   0000000000000004 0000000000000000
0x000070000c4470f0:   0000000742405598 00000000000003ba
0x000070000c447100:   00000007423eec98 000000075d2bcf38 

Instructions: (pc=0x0000000103a99c28)
0x0000000103a99c08:   00 30 74 08 48 89 df e8 50 97 fe ff c7 83 c8 02
0x0000000103a99c18:   00 00 06 00 00 00 48 89 5d e0 41 f6 c7 01 75 05
0x0000000103a99c28:   49 8b 07 eb 08 4c 89 ff e8 55 2e dd ff 42 0f be
0x0000000103a99c38:   1c 30 48 8d 7d e0 e8 91 b9 d9 ff 48 8d 7d d8 e8 

Register to memory mapping:

RAX=0x0000000103c34140: _ZN20SafepointSynchronize6_stateE+0 in /usr/local/Cellar/openjdk@8/1.8.0+275/libexec/openjdk.jdk/Contents/Home/jre/lib/server/libjvm.dylib at 0x0000000103534000
RBX=0x00007faa5e429000 is a thread
RCX=0x00007faa60cd13ba is an unknown value
RDX=0x0000000000000000 is an unknown value
RSP=0x000070000c446f10 is pointing into the stack for thread: 0x00007faa5e429000
RBP=0x000070000c446f40 is pointing into the stack for thread: 0x00007faa5e429000
RSI=0x000070000c446ff0 is pointing into the stack for thread: 0x00007faa5e429000
RDI=0x00007faa5e429250 is an unknown value
R8 =0x0000000000000001 is an unknown value
R9 =0x0000000000000000 is an unknown value
R10=0x000000010a01813b is at code_begin+859 in an Interpreter codelet
method entry point (kind = native)  [0x000000010a017de0, 0x000000010a018760]  2432 bytes
R11=0x0000000103a19b63: throw_unsatisfied_link_error+0 in /usr/local/Cellar/openjdk@8/1.8.0+275/libexec/openjdk.jdk/Contents/Home/jre/lib/server/libjvm.dylib at 0x0000000103534000
R12=0x0000000000000000 is an unknown value
R13={method} {0x0000000104af5dd0} 'getByte' '(Ljava/lang/Object;J)B' in 'sun/misc/Unsafe'
R14=0x00007faa60cd13ba is an unknown value
R15=0x0000000000000000 is an unknown value


Stack: [0x000070000c408000,0x000070000c448000],  sp=0x000070000c446f10,  free space=251k
Native frames: (J=compiled Java code, j=interpreted, Vv=VM code, C=native code)
V  [libjvm.dylib+0x565c28]  Unsafe_GetByte+0xcd
j  sun.misc.Unsafe.getByte(Ljava/lang/Object;J)B+0
j  org.apache.cassandra.utils.FastByteOperations$UnsafeOperations.copy(Ljava/lang/Object;J[BII)V+35
j  org.apache.cassandra.utils.FastByteOperations$UnsafeOperations.copy(Ljava/nio/ByteBuffer;I[BII)V+47
j  org.apache.cassandra.utils.FastByteOperations.copy(Ljava/nio/ByteBuffer;I[BII)V+9
j  org.apache.cassandra.io.util.RebufferingInputStream.read([BII)I+137
j  org.apache.cassandra.io.util.RebufferingInputStream.readFully([BII)V+4
j  org.apache.cassandra.io.util.RebufferingInputStream.readFully([B)V+5
j  org.apache.cassandra.utils.ByteBufferUtil.read(Ljava/io/DataInput;I)Ljava/nio/ByteBuffer;+14
j  org.apache.cassandra.utils.ByteBufferUtil.readWithVIntLength(Lorg/apache/cassandra/io/util/DataInputPlus;)Ljava/nio/ByteBuffer;+24
j  org.apache.cassandra.db.SerializationHeader$Serializer.readColumnsWithType(Lorg/apache/cassandra/io/util/DataInputPlus;Ljava/util/Map;)V+18
j  org.apache.cassandra.db.SerializationHeader$Serializer.deserialize(Lorg/apache/cassandra/io/sstable/format/Version;Lorg/apache/cassandra/io/util/DataInputPlus;)Lorg/apache/cassandra/db/SerializationHeader$Component;+93
j  org.apache.cassandra.db.SerializationHeader$Serializer.deserialize(Lorg/apache/cassandra/io/sstable/format/Version;Lorg/apache/cassandra/io/util/DataInputPlus;)Lorg/apache/cassandra/io/sstable/metadata/MetadataComponent;+3
j  org.apache.cassandra.io.sstable.metadata.MetadataSerializer.deserialize(Lorg/apache/cassandra/io/sstable/Descriptor;Lorg/apache/cassandra/io/util/FileDataInput;Ljava/util/EnumSet;)Ljava/util/Map;+146
j  org.apache.cassandra.io.sstable.metadata.MetadataSerializer.deserialize(Lorg/apache/cassandra/io/sstable/Descriptor;Ljava/util/EnumSet;)Ljava/util/Map;+87
j  org.apache.cassandra.io.sstable.format.SSTableReader.open(Lorg/apache/cassandra/io/sstable/Descriptor;Ljava/util/Set;Lorg/apache/cassandra/config/CFMetaData;ZZ)Lorg/apache/cassandra/io/sstable/format/SSTableReader;+170
j  org.apache.cassandra.io.sstable.format.SSTableReader.open(Lorg/apache/cassandra/io/sstable/Descriptor;Ljava/util/Set;Lorg/apache/cassandra/config/CFMetaData;)Lorg/apache/cassandra/io/sstable/format/SSTableReader;+5
j  org.apache.cassandra.io.sstable.format.SSTableReader$3.run()V+28
j  java.util.concurrent.Executors$RunnableAdapter.call()Ljava/lang/Object;+4
j  java.util.concurrent.FutureTask.run()V+42
j  java.util.concurrent.ThreadPoolExecutor.runWorker(Ljava/util/concurrent/ThreadPoolExecutor$Worker;)V+95
j  java.util.concurrent.ThreadPoolExecutor$Worker.run()V+5
j  org.apache.cassandra.concurrent.NamedThreadFactory.lambda$threadLocalDeallocator$0(Ljava/lang/Runnable;)V+1
j  org.apache.cassandra.concurrent.NamedThreadFactory$$Lambda$5.run()V+4
j  java.lang.Thread.run()V+11
v  ~StubRoutines::call_stub
V  [libjvm.dylib+0x2cd04b]  JavaCalls::call_helper(JavaValue*, methodHandle*, JavaCallArguments*, Thread*)+0x689
V  [libjvm.dylib+0x2cbebe]  JavaCalls::call_virtual(JavaValue*, KlassHandle, Symbol*, Symbol*, JavaCallArguments*, Thread*)+0x148
V  [libjvm.dylib+0x2cc09f]  JavaCalls::call_virtual(JavaValue*, Handle, KlassHandle, Symbol*, Symbol*, Thread*)+0x57
V  [libjvm.dylib+0x347b99]  thread_entry(JavaThread*, Thread*)+0x78
V  [libjvm.dylib+0x54dc9c]  JavaThread::thread_main_inner()+0x82
V  [libjvm.dylib+0x54db61]  JavaThread::run()+0x169
V  [libjvm.dylib+0x4846e7]  java_start(Thread*)+0xfa
C  [libsystem_pthread.dylib+0x6950]  _pthread_start+0xe0
C  [libsystem_pthread.dylib+0x247b]  thread_start+0xf
C  0x0000000000000000

Java frames: (J=compiled Java code, j=interpreted, Vv=VM code)
j  sun.misc.Unsafe.getByte(Ljava/lang/Object;J)B+0
j  org.apache.cassandra.utils.FastByteOperations$UnsafeOperations.copy(Ljava/lang/Object;J[BII)V+35
j  org.apache.cassandra.utils.FastByteOperations$UnsafeOperations.copy(Ljava/nio/ByteBuffer;I[BII)V+47
j  org.apache.cassandra.utils.FastByteOperations.copy(Ljava/nio/ByteBuffer;I[BII)V+9
j  org.apache.cassandra.io.util.RebufferingInputStream.read([BII)I+137
j  org.apache.cassandra.io.util.RebufferingInputStream.readFully([BII)V+4
j  org.apache.cassandra.io.util.RebufferingInputStream.readFully([B)V+5
j  org.apache.cassandra.utils.ByteBufferUtil.read(Ljava/io/DataInput;I)Ljava/nio/ByteBuffer;+14
j  org.apache.cassandra.utils.ByteBufferUtil.readWithVIntLength(Lorg/apache/cassandra/io/util/DataInputPlus;)Ljava/nio/ByteBuffer;+24
j  org.apache.cassandra.db.SerializationHeader$Serializer.readColumnsWithType(Lorg/apache/cassandra/io/util/DataInputPlus;Ljava/util/Map;)V+18
j  org.apache.cassandra.db.SerializationHeader$Serializer.deserialize(Lorg/apache/cassandra/io/sstable/format/Version;Lorg/apache/cassandra/io/util/DataInputPlus;)Lorg/apache/cassandra/db/SerializationHeader$Component;+93
j  org.apache.cassandra.db.SerializationHeader$Serializer.deserialize(Lorg/apache/cassandra/io/sstable/format/Version;Lorg/apache/cassandra/io/util/DataInputPlus;)Lorg/apache/cassandra/io/sstable/metadata/MetadataComponent;+3
j  org.apache.cassandra.io.sstable.metadata.MetadataSerializer.deserialize(Lorg/apache/cassandra/io/sstable/Descriptor;Lorg/apache/cassandra/io/util/FileDataInput;Ljava/util/EnumSet;)Ljava/util/Map;+146
j  org.apache.cassandra.io.sstable.metadata.MetadataSerializer.deserialize(Lorg/apache/cassandra/io/sstable/Descriptor;Ljava/util/EnumSet;)Ljava/util/Map;+87
j  org.apache.cassandra.io.sstable.format.SSTableReader.open(Lorg/apache/cassandra/io/sstable/Descriptor;Ljava/util/Set;Lorg/apache/cassandra/config/CFMetaData;ZZ)Lorg/apache/cassandra/io/sstable/format/SSTableReader;+170
j  org.apache.cassandra.io.sstable.format.SSTableReader.open(Lorg/apache/cassandra/io/sstable/Descriptor;Ljava/util/Set;Lorg/apache/cassandra/config/CFMetaData;)Lorg/apache/cassandra/io/sstable/format/SSTableReader;+5
j  org.apache.cassandra.io.sstable.format.SSTableReader$3.run()V+28
j  java.util.concurrent.Executors$RunnableAdapter.call()Ljava/lang/Object;+4
j  java.util.concurrent.FutureTask.run()V+42
j  java.util.concurrent.ThreadPoolExecutor.runWorker(Ljava/util/concurrent/ThreadPoolExecutor$Worker;)V+95
j  java.util.concurrent.ThreadPoolExecutor$Worker.run()V+5
j  org.apache.cassandra.concurrent.NamedThreadFactory.lambda$threadLocalDeallocator$0(Ljava/lang/Runnable;)V+1
j  org.apache.cassandra.concurrent.NamedThreadFactory$$Lambda$5.run()V+4
j  java.lang.Thread.run()V+11
v  ~StubRoutines::call_stub

---------------  P R O C E S S  ---------------

Java Threads: ( => current thread )
  0x00007faa6108ee00 JavaThread "LocalPool-Cleaner" daemon [_thread_blocked, id=28931, stack(0x000070000c59a000,0x000070000c5da000)]
  0x00007faa5ac7b600 JavaThread "Reference-Reaper" daemon [_thread_blocked, id=34051, stack(0x000070000c557000,0x000070000c597000)]
  0x00007faa5c032000 JavaThread "SSTableBatchOpen:7" daemon [_thread_in_vm, id=34563, stack(0x000070000c514000,0x000070000c554000)]
  0x00007faa5e861000 JavaThread "SSTableBatchOpen:6" daemon [_thread_blocked, id=28163, stack(0x000070000c4d1000,0x000070000c511000)]
  0x00007faa5f049000 JavaThread "SSTableBatchOpen:5" daemon [_thread_blocked, id=34819, stack(0x000070000c48e000,0x000070000c4ce000)]
  0x00007faa5e860a00 JavaThread "SSTableBatchOpen:4" daemon [_thread_blocked, id=35331, stack(0x000070000c44b000,0x000070000c48b000)]
=>0x00007faa5e429000 JavaThread "SSTableBatchOpen:3" daemon [_thread_in_vm, id=35587, stack(0x000070000c408000,0x000070000c448000)]
  0x00007faa5e428a00 JavaThread "SSTableBatchOpen:2" daemon [_thread_blocked, id=27395, stack(0x000070000c3c5000,0x000070000c405000)]
  0x00007faa5e428400 JavaThread "SSTableBatchOpen:1" daemon [_thread_in_vm, id=27139, stack(0x000070000c382000,0x000070000c3c2000)]
  0x00007faa6109ba00 JavaThread "OptionalTasks:1" daemon [_thread_blocked, id=36355, stack(0x000070000c33f000,0x000070000c37f000)]
  0x00007faa5ac6c600 JavaThread "PERIODIC-COMMIT-LOG-SYNCER" [_thread_blocked, id=36611, stack(0x000070000c2fc000,0x000070000c33c000)]
  0x00007faa5a2dba00 JavaThread "COMMIT-LOG-ALLOCATOR" [_thread_blocked, id=37123, stack(0x000070000c2b9000,0x000070000c2f9000)]
  0x00007faa5d9d7a00 JavaThread "SlabPoolCleaner" daemon [_thread_blocked, id=26115, stack(0x000070000c276000,0x000070000c2b6000)]
  0x00007faa5a380000 JavaThread "Sampler:1" daemon [_thread_blocked, id=25859, stack(0x000070000c233000,0x000070000c273000)]
  0x00007faa5a588000 JavaThread "SecondaryIndexManagement:1" daemon [_thread_blocked, id=25603, stack(0x000070000c1f0000,0x000070000c230000)]
  0x00007faa5a37fa00 JavaThread "MemtableReclaimMemory:1" daemon [_thread_blocked, id=25347, stack(0x000070000c1ad000,0x000070000c1ed000)]
  0x00007faa5d9cee00 JavaThread "MemtablePostFlush:1" daemon [_thread_blocked, id=25091, stack(0x000070000c16a000,0x000070000c1aa000)]
  0x00007faa5d99ac00 JavaThread "PerDiskMemtableFlushWriter_0:2" daemon [_thread_blocked, id=38659, stack(0x000070000c127000,0x000070000c167000)]
  0x00007faa5aa32a00 JavaThread "PerDiskMemtableFlushWriter_0:1" daemon [_thread_blocked, id=24835, stack(0x000070000c0e4000,0x000070000c124000)]
  0x00007faa5a532000 JavaThread "MemtableFlushWriter:2" daemon [_thread_blocked, id=24579, stack(0x000070000c0a1000,0x000070000c0e1000)]
  0x00007faa5a3dfc00 JavaThread "MemtableFlushWriter:1" daemon [_thread_blocked, id=24323, stack(0x000070000c05e000,0x000070000c09e000)]
  0x00007faa5d99de00 JavaThread "EXPIRING-MAP-REAPER:1" daemon [_thread_blocked, id=39683, stack(0x000070000c01b000,0x000070000c05b000)]
  0x00007faa5a9e6800 JavaThread "RMI TCP Accept-0" daemon [_thread_in_native, id=40195, stack(0x000070000bfd8000,0x000070000c018000)]
  0x00007faa5a9e4000 JavaThread "RMI TCP Accept-7199" daemon [_thread_in_native, id=23555, stack(0x000070000bf95000,0x000070000bfd5000)]
  0x00007faa5a28da00 JavaThread "ScheduledTasks:1" daemon [_thread_blocked, id=40707, stack(0x000070000bf52000,0x000070000bf92000)]
  0x00007faa5f89e200 JavaThread "AsyncAppender-Worker-ASYNCDEBUGLOG" daemon [_thread_blocked, id=23043, stack(0x000070000bf0f000,0x000070000bf4f000)]
  0x00007faa5a0bdc00 JavaThread "Service Thread" daemon [_thread_blocked, id=22787, stack(0x000070000bdc9000,0x000070000be09000)]
  0x00007faa5d87b400 JavaThread "C1 CompilerThread3" daemon [_thread_blocked, id=41987, stack(0x000070000bcc6000,0x000070000bdc6000)]
  0x00007faa5d86ae00 JavaThread "C2 CompilerThread2" daemon [_thread_blocked, id=22275, stack(0x000070000bbc3000,0x000070000bcc3000)]
  0x00007faa5a0a6200 JavaThread "C2 CompilerThread1" daemon [_thread_in_native, id=42499, stack(0x000070000bac0000,0x000070000bbc0000)]
  0x00007faa5a0ab600 JavaThread "C2 CompilerThread0" daemon [_thread_blocked, id=22019, stack(0x000070000b9bd000,0x000070000babd000)]
  0x00007faa5a01a800 JavaThread "Signal Dispatcher" daemon [_thread_blocked, id=43267, stack(0x000070000b97a000,0x000070000b9ba000)]
  0x00007faa5e01ce00 JavaThread "Surrogate Locker Thread (Concurrent GC)" daemon [_thread_blocked, id=16643, stack(0x000070000b937000,0x000070000b977000)]
  0x00007faa5e010e00 JavaThread "Finalizer" daemon [_thread_blocked, id=19203, stack(0x000070000b7ee000,0x000070000b82e000)]
  0x00007faa5e00e800 JavaThread "Reference Handler" daemon [_thread_blocked, id=13315, stack(0x000070000b7ab000,0x000070000b7eb000)]
  0x00007faa5a00f600 JavaThread "main" [_thread_blocked, id=9731, stack(0x000070000ab44000,0x000070000ab84000)]

Other Threads:
  0x00007faa59e0dac0 VMThread [stack: 0x000070000b6a8000,0x000070000b7a8000] [id=12803]
  0x00007faa59c35640 WatcherThread [stack: 0x000070000be0c000,0x000070000bf0c000] [id=41219]

VM state:not at safepoint (normal execution)

VM Mutex/Monitor currently owned by a thread: None

heap address: 0x0000000740000000, size: 2048 MB, Compressed Oops mode: Zero based, Oop shift amount: 3
Narrow klass base: 0x0000000000000000, Narrow klass shift: 3
Compressed class space size: 1073741824 Address: 0x00000007c0000000

Heap:
 par new generation   total 471872K, used 75505K [0x0000000740000000, 0x0000000760000000, 0x0000000760000000)
  eden space 419456K,  10% used [0x0000000740000000, 0x0000000742c0c258, 0x00000007599a0000)
  from space 52416K,  58% used [0x000000075ccd0000, 0x000000075ea80520, 0x0000000760000000)
  to   space 52416K,   0% used [0x00000007599a0000, 0x00000007599a0000, 0x000000075ccd0000)
 concurrent mark-sweep generation total 1572864K, used 0K [0x0000000760000000, 0x00000007c0000000, 0x00000007c0000000)
 Metaspace       used 27441K, capacity 27964K, committed 28268K, reserved 1075200K
  class space    used 3277K, capacity 3442K, committed 3476K, reserved 1048576K

Card table byte_map: [0x0000000104315000,0x0000000104716000] byte_map_base: 0x0000000100915000

Marking Bits: (CMSBitMap*) 0x00007faa5c008548
 Bits: [0x0000000119000000, 0x000000011a800000)

Mod Union Table: (CMSBitMap*) 0x00007faa5c008608
 Bits: [0x0000000104a17000, 0x0000000104a77000)

Polling page: 0x0000000103f18000

CodeCache: size=245760Kb used=7292Kb max_used=7295Kb free=238468Kb
 bounds [0x000000010a000000, 0x000000010a730000, 0x0000000119000000]
 total_blobs=2784 nmethods=2333 adapters=364
 compilation: enabled

Compilation events (10 events):
Event: 3.925 Thread 0x00007faa5a0ab600 2324       4       jdk.internal.org.objectweb.asm.ClassWriter::put (152 bytes)
Event: 3.926 Thread 0x00007faa5d86ae00 nmethod 2322 0x000000010a71e490 code [0x000000010a71e5e0, 0x000000010a71e6f8]
Event: 3.927 Thread 0x00007faa5a0ab600 nmethod 2324 0x000000010a71e090 code [0x000000010a71e1e0, 0x000000010a71e338]
Event: 3.927 Thread 0x00007faa5d87b400 nmethod 2321 0x000000010a71f610 code [0x000000010a71f8e0, 0x000000010a7211a8]
Event: 3.927 Thread 0x00007faa5d87b400 2323       3       jdk.internal.org.objectweb.asm.MethodVisitor::<init> (35 bytes)
Event: 3.927 Thread 0x00007faa5d87b400 nmethod 2323 0x000000010a71f050 code [0x000000010a71f1e0, 0x000000010a71f4e8]
Event: 3.927 Thread 0x00007faa5d87b400 2325       3       java.util.TreeMap::entrySet (27 bytes)
Event: 3.927 Thread 0x00007faa5d87b400 nmethod 2325 0x000000010a71e950 code [0x000000010a71eae0, 0x000000010a71ee90]
Event: 3.929 Thread 0x00007faa5d87b400 2326       3       java.lang.Class::checkMemberAccess (49 bytes)
Event: 3.929 Thread 0x00007faa5d87b400 nmethod 2326 0x000000010a71d7d0 code [0x000000010a71d980, 0x000000010a71ded8]

GC Heap History (2 events):
Event: 3.705 GC heap before
{Heap before GC invocations=0 (full 0):
 par new generation   total 471872K, used 419456K [0x0000000740000000, 0x0000000760000000, 0x0000000760000000)
  eden space 419456K, 100% used [0x0000000740000000, 0x00000007599a0000, 0x00000007599a0000)
  from space 52416K,   0% used [0x00000007599a0000, 0x00000007599a0000, 0x000000075ccd0000)
  to   space 52416K,   0% used [0x000000075ccd0000, 0x000000075ccd0000, 0x0000000760000000)
 concurrent mark-sweep generation total 1572864K, used 0K [0x0000000760000000, 0x00000007c0000000, 0x00000007c0000000)
 Metaspace       used 25904K, capacity 26368K, committed 26532K, reserved 1073152K
  class space    used 3083K, capacity 3226K, committed 3248K, reserved 1048576K
Event: 3.738 GC heap after
Heap after GC invocations=1 (full 0):
 par new generation   total 471872K, used 30401K [0x0000000740000000, 0x0000000760000000, 0x0000000760000000)
  eden space 419456K,   0% used [0x0000000740000000, 0x0000000740000000, 0x00000007599a0000)
  from space 52416K,  58% used [0x000000075ccd0000, 0x000000075ea80520, 0x0000000760000000)
  to   space 52416K,   0% used [0x00000007599a0000, 0x00000007599a0000, 0x000000075ccd0000)
 concurrent mark-sweep generation total 1572864K, used 0K [0x0000000760000000, 0x00000007c0000000, 0x00000007c0000000)
 Metaspace       used 25904K, capacity 26368K, committed 26532K, reserved 1073152K
  class space    used 3083K, capacity 3226K, committed 3248K, reserved 1048576K
}

Deoptimization events (10 events):
Event: 3.905 Thread 0x00007faa5e861000 Uncommon trap: reason=class_check action=maybe_recompile pc=0x000000010a6824f4 method=java.util.Collections$SetFromMap.add(Ljava/lang/Object;)Z @ 8
Event: 3.910 Thread 0x00007faa5e861000 Uncommon trap: reason=unstable_if action=reinterpret pc=0x000000010a50dfa8 method=java.lang.ThreadLocal$ThreadLocalMap.getEntry(Ljava/lang/ThreadLocal;)Ljava/lang/ThreadLocal$ThreadLocalMap$Entry; @ 29
Event: 3.914 Thread 0x00007faa5e429000 Uncommon trap: reason=class_check action=maybe_recompile pc=0x000000010a67f690 method=java.lang.reflect.Field.get(Ljava/lang/Object;)Ljava/lang/Object; @ 45
Event: 3.929 Thread 0x00007faa5c032000 Uncommon trap: reason=unstable_if action=reinterpret pc=0x000000010a67f6a8 method=java.lang.reflect.Field.get(Ljava/lang/Object;)Ljava/lang/Object; @ 4
Event: 3.929 Thread 0x00007faa5e429000 Uncommon trap: reason=unstable_if action=reinterpret pc=0x000000010a67f6a8 method=java.lang.reflect.Field.get(Ljava/lang/Object;)Ljava/lang/Object; @ 4
Event: 3.929 Thread 0x00007faa5f049000 Uncommon trap: reason=unstable_if action=reinterpret pc=0x000000010a67f6a8 method=java.lang.reflect.Field.get(Ljava/lang/Object;)Ljava/lang/Object; @ 4
Event: 3.929 Thread 0x00007faa5e428400 Uncommon trap: reason=unstable_if action=reinterpret pc=0x000000010a67f6a8 method=java.lang.reflect.Field.get(Ljava/lang/Object;)Ljava/lang/Object; @ 4
Event: 3.929 Thread 0x00007faa5e428a00 Uncommon trap: reason=unstable_if action=reinterpret pc=0x000000010a67f6a8 method=java.lang.reflect.Field.get(Ljava/lang/Object;)Ljava/lang/Object; @ 4
Event: 3.929 Thread 0x00007faa5e861000 Uncommon trap: reason=unstable_if action=reinterpret pc=0x000000010a67f6a8 method=java.lang.reflect.Field.get(Ljava/lang/Object;)Ljava/lang/Object; @ 4
Event: 3.929 Thread 0x00007faa5e860a00 Uncommon trap: reason=unstable_if action=reinterpret pc=0x000000010a67f6a8 method=java.lang.reflect.Field.get(Ljava/lang/Object;)Ljava/lang/Object; @ 4

Classes redefined (0 events):
No events

Internal exceptions (10 events):
Event: 1.837 Thread 0x00007faa5a00f600 Exception <a 'java/lang/ClassNotFoundException': org/apache/cassandra/config/ReplicaFilteringProtectionOptionsBeanInfo> (0x00000007441cb7d8) thrown at [/private/tmp/openjdk@8-20201116-7799-xmgkkf/jdk8u275-ga/hotspot/src/share/vm/classfile/systemDictionary
Event: 1.837 Thread 0x00007faa5a00f600 Exception <a 'java/lang/ClassNotFoundException': org/apache/cassandra/config/ReplicaFilteringProtectionOptionsCustomizer> (0x00000007441dea50) thrown at [/private/tmp/openjdk@8-20201116-7799-xmgkkf/jdk8u275-ga/hotspot/src/share/vm/classfile/systemDictiona
Event: 1.850 Thread 0x00007faa5a00f600 Exception <a 'sun/nio/fs/UnixException'> (0x000000074428fdd0) thrown at [/private/tmp/openjdk@8-20201116-7799-xmgkkf/jdk8u275-ga/hotspot/src/share/vm/prims/jni.cpp, line 711]
Event: 2.328 Thread 0x00007faa5a00f600 Exception <a 'java/lang/ClassNotFoundException': javax/management/remote/rmi/RMIServerImpl_Skel> (0x00000007462c9448) thrown at [/private/tmp/openjdk@8-20201116-7799-xmgkkf/jdk8u275-ga/hotspot/src/share/vm/classfile/systemDictionary.cpp, line 217]
Event: 2.531 Thread 0x00007faa5a00f600 Exception <a 'com/sun/jna/LastErrorException': [78] Function not implemented> (0x00000007465bde50) thrown at [/private/tmp/openjdk@8-20201116-7799-xmgkkf/jdk8u275-ga/hotspot/src/share/vm/prims/jni.cpp, line 738]
Event: 2.553 Thread 0x00007faa5a00f600 Exception <a 'java/lang/UnsatisfiedLinkError': org.hyperic.sigar.Sigar.open()V> (0x00000007466af680) thrown at [/private/tmp/openjdk@8-20201116-7799-xmgkkf/jdk8u275-ga/hotspot/src/share/vm/prims/nativeLookup.cpp, line 506]
Event: 2.556 Thread 0x00007faa5a00f600 Exception <a 'java/lang/UnsatisfiedLinkError': org.hyperic.sigar.Sigar.getFileSystemListNative()[Lorg/hyperic/sigar/FileSystem;> (0x00000007466b7568) thrown at [/private/tmp/openjdk@8-20201116-7799-xmgkkf/jdk8u275-ga/hotspot/src/share/vm/prims/nativeLooku
Event: 2.954 Thread 0x00007faa5a00f600 Exception <a 'java/lang/NoSuchMethodError': java.lang.Object.lambda$static$0(Ljava/lang/Object;Ljava/lang/Object;)Ljava/lang/Object;> (0x000000074916ad00) thrown at [/private/tmp/openjdk@8-20201116-7799-xmgkkf/jdk8u275-ga/hotspot/src/share/vm/interpreter/
Event: 3.123 Thread 0x00007faa5a00f600 Exception <a 'java/lang/NoSuchMethodError': java.lang.Object.lambda$isEqual$3(Ljava/lang/Object;Ljava/lang/Object;)Z> (0x0000000749a30d48) thrown at [/private/tmp/openjdk@8-20201116-7799-xmgkkf/jdk8u275-ga/hotspot/src/share/vm/interpreter/linkResolver.cpp
Event: 3.787 Thread 0x00007faa5a00f600 Implicit null exception at 0x000000010a671dd4 to 0x000000010a671e11

Events (10 events):
Event: 3.929 Thread 0x00007faa5e861000 DEOPT UNPACKING pc=0x000000010a04547a sp=0x000070000c510240 mode 2
Event: 3.929 Thread 0x00007faa5e860a00 DEOPT UNPACKING pc=0x000000010a04547a sp=0x000070000c48a240 mode 2
Event: 3.929 loading class com/google/common/base/Verify
Event: 3.929 loading class com/google/common/base/Verify done
Event: 3.929 Thread 0x00007faa5c032000 DEOPT PACKING pc=0x000000010a67f6a8 sp=0x000070000c553260
Event: 3.929 Thread 0x00007faa5c032000 DEOPT UNPACKING pc=0x000000010a04547a sp=0x000070000c553240 mode 2
Event: 3.929 Thread 0x00007faa5e428a00 DEOPT PACKING pc=0x000000010a67f6a8 sp=0x000070000c404260
Event: 3.929 Thread 0x00007faa5e428a00 DEOPT UNPACKING pc=0x000000010a04547a sp=0x000070000c404240 mode 2
Event: 3.929 loading class com/google/common/base/VerifyException
Event: 3.929 loading class com/google/common/base/VerifyException done


Dynamic libraries:
0x00007fff34f2a000 	/System/Library/Frameworks/Cocoa.framework/Versions/A/Cocoa
0x00007fff221e5000 	/System/Library/Frameworks/Security.framework/Versions/A/Security
0x00007fff33179000 	/System/Library/Frameworks/ApplicationServices.framework/Versions/A/ApplicationServices
0x00007fff2a452000 	/usr/lib/libz.1.dylib
0x00007fff2a51a000 	/usr/lib/libSystem.B.dylib
0x00007fff203af000 	/System/Library/Frameworks/CoreFoundation.framework/Versions/A/CoreFoundation
0x00007fff21159000 	/System/Library/Frameworks/Foundation.framework/Versions/C/Foundation
0x00007fff201cf000 	/usr/lib/libobjc.A.dylib
0x00007fff22c09000 	/System/Library/Frameworks/AppKit.framework/Versions/C/AppKit
0x00007fff25a92000 	/System/Library/Frameworks/CoreData.framework/Versions/A/CoreData
0x00007fff23966000 	/System/Library/PrivateFrameworks/UIFoundation.framework/Versions/A/UIFoundation
0x00007fff2fb5c000 	/System/Library/PrivateFrameworks/RemoteViewServices.framework/Versions/A/RemoteViewServices
0x00007fff2897e000 	/System/Library/PrivateFrameworks/XCTTargetBootstrap.framework/Versions/A/XCTTargetBootstrap
0x00007fff2b659000 	/usr/lib/libspindump.dylib
0x00007fff23bba000 	/System/Library/Frameworks/UniformTypeIdentifiers.framework/Versions/A/UniformTypeIdentifiers
0x00007fff27150000 	/usr/lib/libapp_launch_measurement.dylib
0x00007fff27153000 	/System/Library/PrivateFrameworks/CoreAutoLayout.framework/Versions/A/CoreAutoLayout
0x00007fff282df000 	/System/Library/Frameworks/Metal.framework/Versions/A/Metal
0x00007fff28fcd000 	/usr/lib/liblangid.dylib
0x00007fff28982000 	/System/Library/PrivateFrameworks/CoreSVG.framework/Versions/A/CoreSVG
0x00007fff24ba1000 	/System/Library/PrivateFrameworks/SkyLight.framework/Versions/A/SkyLight
0x00007fff24f00000 	/System/Library/Frameworks/CoreGraphics.framework/Versions/A/CoreGraphics
0x00007fff301b3000 	/System/Library/Frameworks/Accelerate.framework/Versions/A/Accelerate
0x00007fff2b094000 	/System/Library/PrivateFrameworks/IconServices.framework/Versions/A/IconServices
0x00007fff282c0000 	/System/Library/Frameworks/IOSurface.framework/Versions/A/IOSurface
0x00007fff2641a000 	/usr/lib/libDiagnosticMessagesClient.dylib
0x00007fff2896a000 	/System/Library/PrivateFrameworks/DFRFoundation.framework/Versions/A/DFRFoundation
0x00007fff22535000 	/usr/lib/libicucore.A.dylib
0x00007fff2cb96000 	/System/Library/Frameworks/AudioToolbox.framework/Versions/A/AudioToolbox
0x00007fff2be41000 	/System/Library/PrivateFrameworks/DataDetectorsCore.framework/Versions/A/DataDetectorsCore
0x00007fff2866a000 	/System/Library/Frameworks/Carbon.framework/Versions/A/Frameworks/HIToolbox.framework/Versions/A/HIToolbox
0x00007fff26bb3000 	/System/Library/Frameworks/QuartzCore.framework/Versions/A/QuartzCore
0x00007fff2fb98000 	/System/Library/Frameworks/Carbon.framework/Versions/A/Frameworks/SpeechRecognition.framework/Versions/A/SpeechRecognition
0x00007fff26eb8000 	/System/Library/PrivateFrameworks/CoreUI.framework/Versions/A/CoreUI
0x00007fff21b41000 	/System/Library/Frameworks/CoreAudio.framework/Versions/A/CoreAudio
0x00007fff26505000 	/System/Library/Frameworks/DiskArbitration.framework/Versions/A/DiskArbitration
0x00007fff2ba52000 	/System/Library/PrivateFrameworks/MultitouchSupport.framework/Versions/A/MultitouchSupport
0x00007fff2be38000 	/System/Library/PrivateFrameworks/InternationalSupport.framework/Versions/A/InternationalSupport
0x00007fff24b15000 	/usr/lib/libenergytrace.dylib
0x00007fff22b03000 	/System/Library/Frameworks/IOKit.framework/Versions/A/IOKit
0x00007fff2fee5000 	/System/Library/Frameworks/CoreServices.framework/Versions/A/CoreServices
0x00007fff270e6000 	/System/Library/PrivateFrameworks/PerformanceAnalysis.framework/Versions/A/PerformanceAnalysis
0x00007fff6b3cd000 	/System/Library/Frameworks/OpenGL.framework/Versions/A/OpenGL
0x00007fff2bebd000 	/System/Library/PrivateFrameworks/UserActivity.framework/Versions/A/UserActivity
0x00007fff25594000 	/System/Library/Frameworks/ColorSync.framework/Versions/A/ColorSync
0x00007fff28be6000 	/System/Library/Frameworks/CoreImage.framework/Versions/A/CoreImage
0x00007fff21957000 	/System/Library/Frameworks/CoreText.framework/Versions/A/CoreText
0x00007fff289ac000 	/System/Library/Frameworks/ImageIO.framework/Versions/A/ImageIO
0x00007fff2a520000 	/System/Library/PrivateFrameworks/SoftLinking.framework/Versions/A/SoftLinking
0x00007fff2719c000 	/usr/lib/libxml2.2.dylib
0x00007fff20294000 	/usr/lib/libc++.1.dylib
0x00007fff2a792000 	/usr/lib/libcompression.dylib
0x00007fff24b16000 	/usr/lib/libMobileGestalt.dylib
0x00007fff2bd6b000 	/System/Library/PrivateFrameworks/TextureIO.framework/Versions/A/TextureIO
0x00007fff2adb8000 	/usr/lib/libate.dylib
0x00007fff2a514000 	/usr/lib/system/libcache.dylib
0x00007fff2a4d0000 	/usr/lib/system/libcommonCrypto.dylib
0x00007fff2a4fa000 	/usr/lib/system/libcompiler_rt.dylib
0x00007fff2a4ef000 	/usr/lib/system/libcopyfile.dylib
0x00007fff200c1000 	/usr/lib/system/libcorecrypto.dylib
0x00007fff2018a000 	/usr/lib/system/libdispatch.dylib
0x00007fff2033e000 	/usr/lib/system/libdyld.dylib
0x00007fff2a50b000 	/usr/lib/system/libkeymgr.dylib
0x00007fff2d945000 	/usr/lib/system/liblaunch.dylib
0x00007fff2a4ae000 	/usr/lib/system/libmacho.dylib
0x00007fff29cc9000 	/usr/lib/system/libquarantine.dylib
0x00007fff2a508000 	/usr/lib/system/libremovefile.dylib
0x00007fff24b72000 	/usr/lib/system/libsystem_asl.dylib
0x00007fff20071000 	/usr/lib/system/libsystem_blocks.dylib
0x00007fff2020b000 	/usr/lib/system/libsystem_c.dylib
0x00007fff2a502000 	/usr/lib/system/libsystem_collections.dylib
0x00007fff28fbe000 	/usr/lib/system/libsystem_configuration.dylib
0x00007fff282af000 	/usr/lib/system/libsystem_containermanager.dylib
0x00007fff2a24a000 	/usr/lib/system/libsystem_coreservices.dylib
0x00007fff22797000 	/usr/lib/system/libsystem_darwin.dylib
0x00007fff2a50c000 	/usr/lib/system/libsystem_dnssd.dylib
0x00007fff20208000 	/usr/lib/system/libsystem_featureflags.dylib
0x00007fff20383000 	/usr/lib/system/libsystem_info.dylib
0x00007fff2a465000 	/usr/lib/system/libsystem_m.dylib
0x00007fff2015d000 	/usr/lib/system/libsystem_malloc.dylib
0x00007fff24b06000 	/usr/lib/system/libsystem_networkextension.dylib
0x00007fff22bb1000 	/usr/lib/system/libsystem_notify.dylib
0x00007fff2fde3000 	/usr/lib/system/libsystem_product_info_filter.dylib
0x00007fff28fc2000 	/usr/lib/system/libsystem_sandbox.dylib
0x00007fff2a505000 	/usr/lib/system/libsystem_secinit.dylib
0x00007fff20303000 	/usr/lib/system/libsystem_kernel.dylib
0x00007fff20379000 	/usr/lib/system/libsystem_platform.dylib
0x00007fff20332000 	/usr/lib/system/libsystem_pthread.dylib
0x00007fff26268000 	/usr/lib/system/libsystem_symptoms.dylib
0x00007fff200a9000 	/usr/lib/system/libsystem_trace.dylib
0x00007fff2a4dc000 	/usr/lib/system/libunwind.dylib
0x00007fff20073000 	/usr/lib/system/libxpc.dylib
0x00007fff202ea000 	/usr/lib/libc++abi.dylib
0x00007fff2a4e7000 	/usr/lib/liboah.dylib
0x00007fff2ab9d000 	/usr/lib/liblzma.5.dylib
0x00007fff20e6f000 	/System/Library/Frameworks/SystemConfiguration.framework/Versions/A/SystemConfiguration
0x00007fff2a51c000 	/usr/lib/libfakelink.dylib
0x00007fff24668000 	/System/Library/Frameworks/CFNetwork.framework/Versions/A/CFNetwork
0x00007fff2a65c000 	/usr/lib/libarchive.2.dylib
0x00007fff20eec000 	/usr/lib/libCRFSuite.dylib
0x00007fff29cf0000 	/usr/lib/libbsm.0.dylib
0x00007fff24024000 	/usr/lib/libnetwork.dylib
0x00007fff2a521000 	/usr/lib/libpcap.A.dylib
0x00007fff26261000 	/usr/lib/libdns_services.dylib
0x00007fff2abb6000 	/usr/lib/libcoretls_cfhelpers.dylib
0x00007fff2a760000 	/usr/lib/libapple_nghttp2.dylib
0x00007fff2a4b4000 	/usr/lib/system/libkxld.dylib
0x00007fff25ec7000 	/usr/lib/libsqlite3.dylib
0x00007fff2a22c000 	/System/Library/PrivateFrameworks/AppleFSCompression.framework/Versions/A/AppleFSCompression
0x00007fff29cd8000 	/usr/lib/libcoretls.dylib
0x00007fff2a78d000 	/usr/lib/libpam.2.dylib
0x00007fff2acb3000 	/usr/lib/libxar.1.dylib
0x00007fff28fc9000 	/System/Library/PrivateFrameworks/AppleSystemInfo.framework/Versions/A/AppleSystemInfo
0x00007fff2991b000 	/System/Library/PrivateFrameworks/IOMobileFramebuffer.framework/Versions/A/IOMobileFramebuffer
0x00007fff2a23c000 	/usr/lib/libbz2.1.0.dylib
0x00007fff2a559000 	/usr/lib/libiconv.2.dylib
0x00007fff2a4ad000 	/usr/lib/libcharset.1.dylib
0x00007fff27122000 	/System/Library/Frameworks/CoreServices.framework/Versions/A/Frameworks/FSEvents.framework/Versions/A/FSEvents
0x00007fff227a1000 	/System/Library/Frameworks/CoreServices.framework/Versions/A/Frameworks/CarbonCore.framework/Versions/A/CarbonCore
0x00007fff2646a000 	/System/Library/Frameworks/CoreServices.framework/Versions/A/Frameworks/Metadata.framework/Versions/A/Metadata
0x00007fff2a24f000 	/System/Library/Frameworks/CoreServices.framework/Versions/A/Frameworks/OSServices.framework/Versions/A/OSServices
0x00007fff2a6ce000 	/System/Library/Frameworks/CoreServices.framework/Versions/A/Frameworks/SearchKit.framework/Versions/A/SearchKit
0x00007fff261eb000 	/System/Library/Frameworks/CoreServices.framework/Versions/A/Frameworks/AE.framework/Versions/A/AE
0x00007fff2084b000 	/System/Library/Frameworks/CoreServices.framework/Versions/A/Frameworks/LaunchServices.framework/Versions/A/LaunchServices
0x00007fff2ab4e000 	/System/Library/Frameworks/CoreServices.framework/Versions/A/Frameworks/DictionaryServices.framework/Versions/A/DictionaryServices
0x00007fff2712b000 	/System/Library/Frameworks/CoreServices.framework/Versions/A/Frameworks/SharedFileList.framework/Versions/A/SharedFileList
0x00007fff29ccc000 	/usr/lib/libCheckFix.dylib
0x00007fff24b89000 	/System/Library/PrivateFrameworks/TCC.framework/Versions/A/TCC
0x00007fff28fcf000 	/System/Library/PrivateFrameworks/CoreNLP.framework/Versions/A/CoreNLP
0x00007fff2641d000 	/System/Library/PrivateFrameworks/MetadataUtilities.framework/Versions/A/MetadataUtilities
0x00007fff20f22000 	/usr/lib/libmecabra.dylib
0x00007fff29fdf000 	/System/Library/Frameworks/MLCompute.framework/Versions/A/MLCompute
0x00007fff29d01000 	/usr/lib/libmecab.dylib
0x00007fff29d4b000 	/usr/lib/libgermantok.dylib
0x00007fff2a736000 	/usr/lib/libThaiTokenizer.dylib
0x00007fff2acee000 	/usr/lib/libChineseTokenizer.dylib
0x00007fff2a78b000 	/System/Library/Frameworks/MetalPerformanceShaders.framework/Versions/A/MetalPerformanceShaders
0x00007fff2650c000 	/System/Library/Frameworks/Accelerate.framework/Versions/A/Frameworks/vImage.framework/Versions/A/vImage
0x00007fff2febe000 	/System/Library/Frameworks/Accelerate.framework/Versions/A/Frameworks/vecLib.framework/Versions/A/vecLib
0x00007fff2acf9000 	/System/Library/Frameworks/Accelerate.framework/Versions/A/Frameworks/vecLib.framework/Versions/A/libvMisc.dylib
0x00007fff29734000 	/System/Library/Frameworks/Accelerate.framework/Versions/A/Frameworks/vecLib.framework/Versions/A/libvDSP.dylib
0x00007fff20b4e000 	/System/Library/Frameworks/Accelerate.framework/Versions/A/Frameworks/vecLib.framework/Versions/A/libBLAS.dylib
0x00007fff2a7b1000 	/System/Library/Frameworks/Accelerate.framework/Versions/A/Frameworks/vecLib.framework/Versions/A/libLAPACK.dylib
0x00007fff29d51000 	/System/Library/Frameworks/Accelerate.framework/Versions/A/Frameworks/vecLib.framework/Versions/A/libLinearAlgebra.dylib
0x00007fff2a778000 	/System/Library/Frameworks/Accelerate.framework/Versions/A/Frameworks/vecLib.framework/Versions/A/libSparseBLAS.dylib
0x00007fff2a7ab000 	/System/Library/Frameworks/Accelerate.framework/Versions/A/Frameworks/vecLib.framework/Versions/A/libQuadrature.dylib
0x00007fff29077000 	/System/Library/Frameworks/Accelerate.framework/Versions/A/Frameworks/vecLib.framework/Versions/A/libBNNS.dylib
0x00007fff20e00000 	/System/Library/Frameworks/Accelerate.framework/Versions/A/Frameworks/vecLib.framework/Versions/A/libSparse.dylib
0x00007fff28f62000 	/System/Library/Frameworks/MetalPerformanceShaders.framework/Versions/A/Frameworks/MPSCore.framework/Versions/A/MPSCore
0x00007fff2a19b000 	/System/Library/Frameworks/MetalPerformanceShaders.framework/Versions/A/Frameworks/MPSImage.framework/Versions/A/MPSImage
0x00007fff29d67000 	/System/Library/Frameworks/MetalPerformanceShaders.framework/Versions/A/Frameworks/MPSNeuralNetwork.framework/Versions/A/MPSNeuralNetwork
0x00007fff2a126000 	/System/Library/Frameworks/MetalPerformanceShaders.framework/Versions/A/Frameworks/MPSMatrix.framework/Versions/A/MPSMatrix
0x00007fff29f8f000 	/System/Library/Frameworks/MetalPerformanceShaders.framework/Versions/A/Frameworks/MPSRayIntersector.framework/Versions/A/MPSRayIntersector
0x00007fff2a15d000 	/System/Library/Frameworks/MetalPerformanceShaders.framework/Versions/A/Frameworks/MPSNDArray.framework/Versions/A/MPSNDArray
0x00007fff20a7a000 	/System/Library/PrivateFrameworks/MetalTools.framework/Versions/A/MetalTools
0x00007fff28fc7000 	/System/Library/PrivateFrameworks/AggregateDictionary.framework/Versions/A/AggregateDictionary
0x00007fff263f5000 	/System/Library/PrivateFrameworks/CoreAnalytics.framework/Versions/A/CoreAnalytics
0x00007fff2a738000 	/System/Library/PrivateFrameworks/AppleSauce.framework/Versions/A/AppleSauce
0x00007fff282d2000 	/System/Library/PrivateFrameworks/IOAccelerator.framework/Versions/A/IOAccelerator
0x00007fff6b3c1000 	/System/Library/Frameworks/OpenGL.framework/Versions/A/Libraries/libCoreFSCache.dylib
0x00007fff214bd000 	/System/Library/PrivateFrameworks/LanguageModeling.framework/Versions/A/LanguageModeling
0x00007fff29908000 	/System/Library/PrivateFrameworks/CoreEmoji.framework/Versions/A/CoreEmoji
0x00007fff29070000 	/System/Library/PrivateFrameworks/LinguisticData.framework/Versions/A/LinguisticData
0x00007fff20db2000 	/System/Library/PrivateFrameworks/Lexicon.framework/Versions/A/Lexicon
0x00007fff2a64a000 	/usr/lib/libcmph.dylib
0x00007fff27102000 	/System/Library/Frameworks/OpenDirectory.framework/Versions/A/Frameworks/CFOpenDirectory.framework/Versions/A/CFOpenDirectory
0x00007fff270f2000 	/System/Library/Frameworks/OpenDirectory.framework/Versions/A/OpenDirectory
0x00007fff2abb8000 	/System/Library/PrivateFrameworks/APFS.framework/Versions/A/APFS
0x00007fff29c2d000 	/System/Library/Frameworks/SecurityFoundation.framework/Versions/A/SecurityFoundation
0x00007fff2acc1000 	/usr/lib/libutil.dylib
0x00007fff22ac8000 	/System/Library/PrivateFrameworks/CoreServicesStore.framework/Versions/A/CoreServicesStore
0x00007fff29cc4000 	/System/Library/Frameworks/ServiceManagement.framework/Versions/A/ServiceManagement
0x00007fff2acc5000 	/usr/lib/libxslt.1.dylib
0x00007fff29cba000 	/System/Library/PrivateFrameworks/BackgroundTaskManagement.framework/Versions/A/BackgroundTaskManagement
0x00007fff2bcb5000 	/System/Library/Frameworks/ImageIO.framework/Versions/A/Resources/libRadiance.dylib
0x00007fff2bcbf000 	/System/Library/Frameworks/ImageIO.framework/Versions/A/Resources/libJPEG.dylib
0x00007fff2bc0c000 	/System/Library/Frameworks/ImageIO.framework/Versions/A/Resources/libPng.dylib
0x00007fff2bc33000 	/System/Library/Frameworks/ImageIO.framework/Versions/A/Resources/libTIFF.dylib
0x00007fff2bd14000 	/System/Library/Frameworks/ImageIO.framework/Versions/A/Resources/libGIF.dylib
0x00007fff2b96f000 	/System/Library/Frameworks/ImageIO.framework/Versions/A/Resources/libJP2.dylib
0x00007fff2b05b000 	/usr/lib/libexpat.1.dylib
0x00007fff2b925000 	/System/Library/PrivateFrameworks/AppleJPEG.framework/Versions/A/AppleJPEG
0x00007fff2850d000 	/System/Library/PrivateFrameworks/FontServices.framework/libFontParser.dylib
0x00007fff2619f000 	/System/Library/PrivateFrameworks/RunningBoardServices.framework/Versions/A/RunningBoardServices
0x00007fff2ba4e000 	/System/Library/PrivateFrameworks/WatchdogClient.framework/Versions/A/WatchdogClient
0x00007fff215aa000 	/System/Library/Frameworks/CoreDisplay.framework/Versions/A/CoreDisplay
0x00007fff28422000 	/System/Library/Frameworks/CoreMedia.framework/Versions/A/CoreMedia
0x00007fff2727f000 	/System/Library/Frameworks/CoreVideo.framework/Versions/A/CoreVideo
0x00007fff2ba86000 	/System/Library/Frameworks/VideoToolbox.framework/Versions/A/VideoToolbox
0x00007fff2611d000 	/System/Library/PrivateFrameworks/BaseBoard.framework/Versions/A/BaseBoard
0x00007fff2b1a0000 	/System/Library/PrivateFrameworks/PersistentConnection.framework/Versions/A/PersistentConnection
0x00007fff25eb0000 	/System/Library/PrivateFrameworks/ProtocolBuffer.framework/Versions/A/ProtocolBuffer
0x00007fff26104000 	/System/Library/PrivateFrameworks/CommonUtilities.framework/Versions/A/CommonUtilities
0x00007fff2b8ba000 	/System/Library/PrivateFrameworks/Bom.framework/Versions/A/Bom
0x00007fff2bcae000 	/System/Library/PrivateFrameworks/GPUWrangler.framework/Versions/A/GPUWrangler
0x00007fff2bc91000 	/System/Library/PrivateFrameworks/IOPresentment.framework/Versions/A/IOPresentment
0x00007fff2bcb9000 	/System/Library/PrivateFrameworks/DSExternalDisplay.framework/Versions/A/DSExternalDisplay
0x00007fff2bd19000 	/System/Library/PrivateFrameworks/CMCaptureCore.framework/Versions/A/CMCaptureCore
0x00007fff2b640000 	/System/Library/PrivateFrameworks/AppServerSupport.framework/Versions/A/AppServerSupport
0x00007fff2d6e6000 	/System/Library/PrivateFrameworks/perfdata.framework/Versions/A/perfdata
0x00007fff29c1c000 	/System/Library/PrivateFrameworks/AssertionServices.framework/Versions/A/AssertionServices
0x00007fff216e1000 	/System/Library/PrivateFrameworks/AudioToolboxCore.framework/Versions/A/AudioToolboxCore
0x00007fff28405000 	/System/Library/PrivateFrameworks/caulk.framework/Versions/A/caulk
0x00007fff3c980000 	/System/Library/PrivateFrameworks/SystemPolicy.framework/Versions/A/SystemPolicy
0x00007fff2ae51000 	/usr/lib/libIOReport.dylib
0x00007fff2cf08000 	/usr/lib/libSMC.dylib
0x00007fff2bbd9000 	/usr/lib/libAudioToolboxUtility.dylib
0x00007fff3d2e5000 	/usr/lib/libmis.dylib
0x00007fff6b41d000 	/System/Library/Frameworks/OpenGL.framework/Versions/A/Libraries/libGLU.dylib
0x00007fff6b3e0000 	/System/Library/Frameworks/OpenGL.framework/Versions/A/Libraries/libGFXShared.dylib
0x00007fff6b5ef000 	/System/Library/Frameworks/OpenGL.framework/Versions/A/Libraries/libGL.dylib
0x00007fff6b3e9000 	/System/Library/Frameworks/OpenGL.framework/Versions/A/Libraries/libGLImage.dylib
0x00007fff6b3dd000 	/System/Library/Frameworks/OpenGL.framework/Versions/A/Libraries/libCVMSPluginSupport.dylib
0x00007fff6b3c8000 	/System/Library/Frameworks/OpenGL.framework/Versions/A/Libraries/libCoreVMClient.dylib
0x00007fff6ca30000 	/System/Library/Frameworks/OpenCL.framework/Versions/A/OpenCL
0x00007fff2b1ca000 	/System/Library/PrivateFrameworks/GraphVisualizer.framework/Versions/A/GraphVisualizer
0x00007fff2b1d9000 	/System/Library/PrivateFrameworks/FaceCore.framework/Versions/A/FaceCore
0x00007fff2b5f5000 	/System/Library/PrivateFrameworks/OTSVG.framework/Versions/A/OTSVG
0x00007fff26e76000 	/System/Library/Frameworks/ApplicationServices.framework/Versions/A/Frameworks/ATS.framework/Versions/A/Resources/libFontRegistry.dylib
0x00007fff2b647000 	/System/Library/PrivateFrameworks/FontServices.framework/libhvf.dylib
0x00007fff2b007000 	/System/Library/PrivateFrameworks/AppleVA.framework/Versions/A/AppleVA
0x00007fff2cd51000 	/System/Library/Frameworks/ApplicationServices.framework/Versions/A/Frameworks/ATS.framework/Versions/A/ATS
0x00007fff2d063000 	/System/Library/Frameworks/ApplicationServices.framework/Versions/A/Frameworks/ColorSyncLegacy.framework/Versions/A/ColorSyncLegacy
0x00007fff2568b000 	/System/Library/Frameworks/ApplicationServices.framework/Versions/A/Frameworks/HIServices.framework/Versions/A/HIServices
0x00007fff2d048000 	/System/Library/Frameworks/ApplicationServices.framework/Versions/A/Frameworks/LangAnalysis.framework/Versions/A/LangAnalysis
0x00007fff2bd23000 	/System/Library/Frameworks/ApplicationServices.framework/Versions/A/Frameworks/PrintCore.framework/Versions/A/PrintCore
0x00007fff2d06b000 	/System/Library/Frameworks/ApplicationServices.framework/Versions/A/Frameworks/QD.framework/Versions/A/QD
0x00007fff2cd41000 	/System/Library/Frameworks/ApplicationServices.framework/Versions/A/Frameworks/SpeechSynthesis.framework/Versions/A/SpeechSynthesis
0x00007fff2bce4000 	/System/Library/Frameworks/ApplicationServices.framework/Versions/A/Frameworks/ATSUI.framework/Versions/A/ATSUI
0x00007fff2cfe8000 	/usr/lib/libcups.2.dylib
0x00007fff2d058000 	/System/Library/PrivateFrameworks/NetAuth.framework/Versions/A/NetAuth
0x00007fff2d702000 	/System/Library/Frameworks/Kerberos.framework/Versions/A/Kerberos
0x00007fff2d712000 	/System/Library/Frameworks/GSS.framework/Versions/A/GSS
0x00007fff2cdbd000 	/usr/lib/libresolv.9.dylib
0x00007fff2b65c000 	/System/Library/PrivateFrameworks/Heimdal.framework/Versions/A/Heimdal
0x00007fff33479000 	/System/Library/Frameworks/Kerberos.framework/Versions/A/Libraries/libHeimdalProxy.dylib
0x00007fff26270000 	/System/Library/Frameworks/Network.framework/Versions/A/Network
0x00007fff2b075000 	/usr/lib/libheimdal-asn1.dylib
0x00007fff2d762000 	/System/Library/PrivateFrameworks/CommonAuth.framework/Versions/A/CommonAuth
0x00007fff272cc000 	/System/Library/PrivateFrameworks/login.framework/Versions/A/Frameworks/loginsupport.framework/Versions/A/loginsupport
0x00007fff2ccc6000 	/System/Library/PrivateFrameworks/AudioSession.framework/Versions/A/AudioSession
0x00007fff2cd2e000 	/usr/lib/libAudioStatistics.dylib
0x00007fff2b102000 	/System/Library/PrivateFrameworks/MediaExperience.framework/Versions/A/MediaExperience
0x00007fff2cb64000 	/System/Library/PrivateFrameworks/AudioSession.framework/libSessionUtility.dylib
0x00007fff2d6f3000 	/usr/lib/libperfcheck.dylib
0x00007fff2d077000 	/System/Library/PrivateFrameworks/AudioResourceArbitration.framework/Versions/A/AudioResourceArbitration
0x00007fff2b07f000 	/System/Library/PrivateFrameworks/IconFoundation.framework/Versions/A/IconFoundation
0x00007fff2fb88000 	/System/Library/PrivateFrameworks/SpeechRecognitionCore.framework/Versions/A/SpeechRecognitionCore
0x0000000103534000 	/usr/local/Cellar/openjdk@8/1.8.0+275/libexec/openjdk.jdk/Contents/Home/jre/lib/server/libjvm.dylib
0x0000000103ed4000 	/usr/local/Cellar/openjdk@8/1.8.0+275/libexec/openjdk.jdk/Contents/Home/jre/lib/libverify.dylib
0x0000000103ee8000 	/usr/local/Cellar/openjdk@8/1.8.0+275/libexec/openjdk.jdk/Contents/Home/jre/lib/libjava.dylib
0x0000000103f19000 	/usr/local/Cellar/openjdk@8/1.8.0+275/libexec/openjdk.jdk/Contents/Home/jre/lib/libinstrument.dylib
0x0000000103f45000 	/usr/local/Cellar/openjdk@8/1.8.0+275/libexec/openjdk.jdk/Contents/Home/jre/lib/libzip.dylib
0x00000001055f4000 	/usr/local/Cellar/openjdk@8/1.8.0+275/libexec/openjdk.jdk/Contents/Home/jre/lib/libnio.dylib
0x000000010560c000 	/usr/local/Cellar/openjdk@8/1.8.0+275/libexec/openjdk.jdk/Contents/Home/jre/lib/libnet.dylib
0x00000001056bb000 	/usr/local/Cellar/openjdk@8/1.8.0+275/libexec/openjdk.jdk/Contents/Home/jre/lib/libmanagement.dylib
0x00000001058df000 	/usr/local/Cellar/openjdk@8/1.8.0+275/libexec/openjdk.jdk/Contents/Home/jre/lib/libsunec.dylib
0x000000010590d000 	/private/var/folders/1w/_q3q2pw97ysbbl_2gjn9qnxh0000gn/T/liblz4-java1473940255761219972.dylib
0x0000000105919000 	/private/var/folders/1w/_q3q2pw97ysbbl_2gjn9qnxh0000gn/T/jna-100891058/jna9002935990825237265.tmp
0x00007fff6e468000 	/System/Library/Frameworks/JavaVM.framework/Versions/A/JavaVM

VM Arguments:
jvm_args: -Xloggc:/usr/local/Cellar/cassandra/3.11.9_1/libexec/logs/gc.log -ea -XX:+UseThreadPriorities -XX:ThreadPriorityPolicy=42 -XX:+HeapDumpOnOutOfMemoryError -Xss256k -XX:StringTableSize=1000003 -XX:+AlwaysPreTouch -XX:-UseBiasedLocking -XX:+UseTLAB -XX:+ResizeTLAB -XX:+UseNUMA -XX:+PerfDisableSharedMem -Djava.net.preferIPv4Stack=true -XX:+UseParNewGC -XX:+UseConcMarkSweepGC -XX:+CMSParallelRemarkEnabled -XX:SurvivorRatio=8 -XX:MaxTenuringThreshold=1 -XX:CMSInitiatingOccupancyFraction=75 -XX:+UseCMSInitiatingOccupancyOnly -XX:CMSWaitDuration=10000 -XX:+CMSParallelInitialMarkEnabled -XX:+CMSEdenChunksRecordAlways -XX:+CMSClassUnloadingEnabled -XX:+PrintGCDetails -XX:+PrintGCDateStamps -XX:+PrintHeapAtGC -XX:+PrintTenuringDistribution -XX:+PrintGCApplicationStoppedTime -XX:+PrintPromotionFailure -XX:+UseGCLogFileRotation -XX:NumberOfGCLogFiles=10 -XX:GCLogFileSize=10M -Xms2048M -Xmx2048M -Xmn512M -XX:+UseCondCardMark -XX:CompileCommandFile=/usr/local/etc/cassandra/hotspot_compiler -javaagent:/usr/local/Cellar/cassandra/3.11.9_1/libexec/jamm-0.3.0.jar -Dcassandra.jmx.local.port=7199 -Dcom.sun.management.jmxremote.authenticate=false -Dcom.sun.management.jmxremote.password.file=/etc/cassandra/jmxremote.password -Djava.library.path=/usr/local/Cellar/cassandra/3.11.9_1/libexec/sigar-bin -XX:OnOutOfMemoryError=kill -9 %p -Dlogback.configurationFile=logback.xml -Dcassandra.logdir=/usr/local/var/log/cassandra -Dcassandra.storagedir=/usr/local/var/lib/cassandra -Dcassandra-foreground=yes 
java_command: org.apache.cassandra.service.CassandraDaemon
java_class_path (initial): /usr/local/etc/cassandra:/usr/local/Cellar/cassandra/3.11.9_1/libexec/build/classes/main:/usr/local/Cellar/cassandra/3.11.9_1/libexec/build/classes/thrift:/usr/local/Cellar/cassandra/3.11.9_1/libexec/HdrHistogram-2.1.9.jar:/usr/local/Cellar/cassandra/3.11.9_1/libexec/ST4-4.0.8.jar:/usr/local/Cellar/cassandra/3.11.9_1/libexec/airline-0.6.jar:/usr/local/Cellar/cassandra/3.11.9_1/libexec/antlr-runtime-3.5.2.jar:/usr/local/Cellar/cassandra/3.11.9_1/libexec/apache-cassandra-3.11.9.jar:/usr/local/Cellar/cassandra/3.11.9_1/libexec/apache-cassandra-thrift-3.11.9.jar:/usr/local/Cellar/cassandra/3.11.9_1/libexec/asm-5.0.4.jar:/usr/local/Cellar/cassandra/3.11.9_1/libexec/caffeine-2.2.6.jar:/usr/local/Cellar/cassandra/3.11.9_1/libexec/cassandra-driver-core-3.0.1-shaded.jar:/usr/local/Cellar/cassandra/3.11.9_1/libexec/commons-cli-1.1.jar:/usr/local/Cellar/cassandra/3.11.9_1/libexec/commons-codec-1.9.jar:/usr/local/Cellar/cassandra/3.11.9_1/libexec/commons-lang3-3.1.jar:/usr/local/Cellar/cassandra/3.11.9_1/libexec/commons-math3-3.2.jar:/usr/local/Cellar/cassandra/3.11.9_1/libexec/compress-lzf-0.8.4.jar:/usr/local/Cellar/cassandra/3.11.9_1/libexec/concurrent-trees-2.4.0.jar:/usr/local/Cellar/cassandra/3.11.9_1/libexec/concurrentlinkedhashmap-lru-1.4.jar:/usr/local/Cellar/cassandra/3.11.9_1/libexec/disruptor-3.0.1.jar:/usr/local/Cellar/cassandra/3.11.9_1/libexec/ecj-4.4.2.jar:/usr/local/Cellar/cassandra/3.11.9_1/libexec/guava-18.0.jar:/usr/local/Cellar/cassandra/3.11.9_1/libexec/high-scale-lib-1.0.6.jar:/usr/local/Cellar/cassandra/3.11.9_1/libexec/hppc-0.5.4.jar:/usr/local/Cellar/cassandra/3.11.9_1/libexec/jackson-annotations-2.9.10.jar:/usr/local/Cellar/cassandra/3.11.9_1/libexec/jackson-core-2.9.10.jar:/usr/local/Cellar/cassandra/3.11.9_1/libexec/jackson-databind-2.9.10.4.jar:/usr/local/Cellar/cassandra/3.11.9_1/libexec/jamm-0.3.0.jar:/usr/local/Cellar/cassandra/3.11.9_1/libexec/javax.inject.jar:/usr/local/Cellar/cassandra/3.11.9_1/libexec/jbcrypt-0.3
Launcher Type: SUN_STANDARD

Environment Variables:
PATH=/usr/local/bin:/usr/bin:/bin:/usr/sbin:/sbin:/Library/Apple/usr/bin
SHELL=/bin/zsh

Signal Handlers:
SIGSEGV: [libjvm.dylib+0x58b373], sa_mask[0]=11111111011111110111111111111111, sa_flags=SA_ONSTACK|SA_RESTART|SA_SIGINFO
SIGBUS: [libjvm.dylib+0x58b373], sa_mask[0]=11111111011111110111111111111111, sa_flags=SA_RESTART|SA_SIGINFO
SIGFPE: [libjvm.dylib+0x486b67], sa_mask[0]=11111111011111110111111111111111, sa_flags=SA_RESTART|SA_SIGINFO
SIGPIPE: [libjvm.dylib+0x486b67], sa_mask[0]=11111111011111110111111111111111, sa_flags=SA_RESTART|SA_SIGINFO
SIGXFSZ: [libjvm.dylib+0x486b67], sa_mask[0]=11111111011111110111111111111111, sa_flags=SA_RESTART|SA_SIGINFO
SIGILL: [libjvm.dylib+0x486b67], sa_mask[0]=11111111011111110111111111111111, sa_flags=SA_RESTART|SA_SIGINFO
SIGUSR1: SIG_DFL, sa_mask[0]=00000000000000000000000000000000, sa_flags=SA_RESTART
SIGUSR2: [libjvm.dylib+0x48743d], sa_mask[0]=00000000000000000000000000000000, sa_flags=SA_RESTART|SA_SIGINFO
SIGHUP: [libjvm.dylib+0x48562d], sa_mask[0]=11111111011111110111111111111111, sa_flags=SA_RESTART|SA_SIGINFO
SIGINT: [libjvm.dylib+0x48562d], sa_mask[0]=11111111011111110111111111111111, sa_flags=SA_RESTART|SA_SIGINFO
SIGTERM: [libjvm.dylib+0x48562d], sa_mask[0]=11111111011111110111111111111111, sa_flags=SA_RESTART|SA_SIGINFO
SIGQUIT: [libjvm.dylib+0x48562d], sa_mask[0]=11111111011111110111111111111111, sa_flags=SA_RESTART|SA_SIGINFO


---------------  S Y S T E M  ---------------

OS:Bsduname:Darwin 20.1.0 Darwin Kernel Version 20.1.0: Sat Oct 31 00:07:11 PDT 2020; root:xnu-7195.50.7~2/RELEASE_X86_64 x86_64
rlimit: STACK 8192k, CORE infinity, NPROC 1392, NOFILE 10240, AS infinity
load average:1.97 1.89 1.95

CPU:total 8 (initial active 8) (4 cores per cpu, 2 threads per core) family 6 model 142 stepping 10, cmov, cx8, fxsr, mmx, sse, sse2, sse3, ssse3, sse4.1, sse4.2, popcnt, avx, avx2, aes, clmul, erms, 3dnowpref, lzcnt, ht, tsc, tscinvbit, bmi1, bmi2, adx

Memory: 4k page, physical 8388608k(27252k free)

/proc/meminfo:


vm_info: OpenJDK 64-Bit Server VM (25.275-b00) for bsd-amd64 JRE (1.8.0_275-bre_2020_11_16_15_09-b00), built on Nov 16 2020 15:15:22 by "brew" with gcc Apple LLVM 12.0.0 (clang-1200.0.32.27)

time: Mon Dec  7 15:32:04 2020
timezone: AEST
elapsed time: 3.943544 seconds (0d 0h 0m 3s)

